{
  "stats": {
    "suites": 0,
    "tests": 1,
    "passes": 0,
    "pending": 0,
    "failures": 1,
    "start": "2021-05-26T21:05:48.947Z",
    "end": "2021-05-26T21:06:00.699Z",
    "duration": 11752,
    "testsRegistered": 1,
    "passPercent": 0,
    "pendingPercent": 0,
    "other": 0,
    "hasOther": false,
    "skipped": 0,
    "hasSkipped": false
  },
  "results": [
    {
      "uuid": "203e2f06-4d11-400b-a82b-4220b3398a1e",
      "title": "",
      "fullFile": "cypress/integration/add_a_comment_to_an_article.spec.js",
      "file": "cypress/integration/add_a_comment_to_an_article.spec.js",
      "beforeHooks": [],
      "afterHooks": [],
      "tests": [
        {
          "title": "Adicionar um comentario a um artigo",
          "fullTitle": "Adicionar um comentario a um artigo",
          "timedOut": null,
          "duration": 11302,
          "state": "failed",
          "speed": null,
          "pass": false,
          "fail": true,
          "pending": false,
          "context": null,
          "code": "/* ==== Generated with Cypress Studio ==== */\ncy.visit('https://purescript-react-realworld.netlify.app/');\ncy.get(':nth-child(2) > .nav-link').click();\ncy.get(':nth-child(1) > .form-control').clear();\ncy.get(':nth-child(1) > .form-control').type('superman@teste.com');\ncy.get(':nth-child(2) > .form-control').clear();\ncy.get(':nth-child(2) > .form-control').type('superman123');\ncy.get('.btn').click();\ncy.get('.container > .nav > :nth-child(2) > .nav-link').click();\ncy.get(':nth-child(1) > .form-control').clear();\ncy.get(':nth-child(1) > .form-control').type('teste de artigo');\ncy.get(':nth-child(2) > .form-control').clear();\ncy.get(':nth-child(2) > .form-control').type('sobre teste de ');\ncy.get(':nth-child(2) > .form-control').clear();\ncy.get(':nth-child(2) > .form-control').type('sobre teste de desafio');\ncy.get(':nth-child(4) > .form-control').clear();\ncy.get(':nth-child(4) > .form-control').type('comments of the article');\ncy.get('.btn').click();\ncy.get('.form-control').click();\ncy.get('.card-footer > .btn').click();\ncy.get('.banner > .container').click();\ncy.get('h1').click();\n/* ==== End Cypress Studio ==== */",
          "err": {
            "message": "AssertionError: Timed out retrying after 4000ms: Expected to find element: `:nth-child(2) > .form-control`, but never found it.",
            "estack": "AssertionError: Timed out retrying after 4000ms: Expected to find element: `:nth-child(2) > .form-control`, but never found it.\n    at Context.eval (https://purescript-react-realworld.netlify.app/__cypress/tests?p=cypress\\integration\\add_a_comment_to_an_article.spec.js:120:6)",
            "diff": null
          },
          "uuid": "0295d9c4-5b25-453e-905f-954dcca1c89b",
          "parentUUID": "203e2f06-4d11-400b-a82b-4220b3398a1e",
          "isHook": false,
          "skipped": false
        }
      ],
      "suites": [],
      "passes": [],
      "failures": [
        "0295d9c4-5b25-453e-905f-954dcca1c89b"
      ],
      "pending": [],
      "skipped": [],
      "duration": 11302,
      "root": true,
      "rootEmpty": false,
      "_timeout": 2000
    }
  ],
  "meta": {
    "mocha": {
      "version": "7.0.1"
    },
    "mochawesome": {
      "options": {
        "quiet": true,
        "reportFilename": "mochawesome",
        "saveHtml": false,
        "saveJson": true,
        "consoleReporter": "spec",
        "useInlineDiffs": false,
        "code": true
      },
      "version": "6.2.2"
    },
    "marge": {
      "options": {
        "id": "default",
        "reportDir": "mochawesome-report",
        "quiet": true,
        "overwrite": false,
        "html": false,
        "json": true
      },
      "version": "5.2.0"
    }
  }
}