{
  "stats": {
    "suites": 1,
    "tests": 1,
    "passes": 1,
    "pending": 0,
    "failures": 0,
    "start": "2021-05-24T23:20:09.090Z",
    "end": "2021-05-24T23:20:17.660Z",
    "duration": 8570,
    "testsRegistered": 1,
    "passPercent": 100,
    "pendingPercent": 0,
    "other": 0,
    "hasOther": false,
    "skipped": 0,
    "hasSkipped": false
  },
  "results": [
    {
      "uuid": "19f8c1e1-abcc-4be1-8478-c66859458690",
      "title": "",
      "fullFile": "cypress/integration/articles.spec.js",
      "file": "cypress/integration/articles.spec.js",
      "beforeHooks": [],
      "afterHooks": [],
      "tests": [],
      "suites": [
        {
          "uuid": "609fa347-e55b-469f-b707-c76f238938b4",
          "title": "Artigos",
          "fullFile": "",
          "file": "",
          "beforeHooks": [],
          "afterHooks": [],
          "tests": [
            {
              "title": "criar um novo artigo",
              "fullTitle": "Artigos criar um novo artigo",
              "timedOut": null,
              "duration": 8481,
              "state": "passed",
              "speed": "slow",
              "pass": true,
              "fail": false,
              "pending": false,
              "context": null,
              "code": "/* ==== Generated with Cypress Studio ==== */\ncy.login();\ncy.get('a[href$=editor]').click();\ncy.get('input[placeholder=\"Article title\"]').clear();\ncy.get('input[placeholder=\"Article title\"]').type('Avengers Endgame');\ncy.get('input[placeholder=\"What is this article about?\"]').clear();\ncy.get('input[placeholder=\"What is this article about?\"]').type('avengers movie');\ncy.get('form textarea').type('Avengers is a great movie');\ncy.get('input[placeholder=\"Enter tags\"]').clear();\ncy.get('input[placeholder=\"Enter tags\"]').type('avengers');\ncy.get('button.btn-primary').contains('Publish article').click();\ncy.get('h1').should('contain.text', 'Avengers Endgame'); // deve conter o texto igual ao título informado\n/* ==== End Cypress Studio ==== */",
              "err": {},
              "uuid": "9684891a-0769-4fa3-a0d5-7ac7f29120c1",
              "parentUUID": "609fa347-e55b-469f-b707-c76f238938b4",
              "isHook": false,
              "skipped": false
            }
          ],
          "suites": [],
          "passes": [
            "9684891a-0769-4fa3-a0d5-7ac7f29120c1"
          ],
          "failures": [],
          "pending": [],
          "skipped": [],
          "duration": 8481,
          "root": false,
          "rootEmpty": false,
          "_timeout": 2000
        }
      ],
      "passes": [],
      "failures": [],
      "pending": [],
      "skipped": [],
      "duration": 0,
      "root": true,
      "rootEmpty": true,
      "_timeout": 2000
    }
  ],
  "meta": {
    "mocha": {
      "version": "7.0.1"
    },
    "mochawesome": {
      "options": {
        "quiet": true,
        "reportFilename": "mochawesome",
        "saveHtml": false,
        "saveJson": true,
        "consoleReporter": "spec",
        "useInlineDiffs": false,
        "code": true
      },
      "version": "6.2.2"
    },
    "marge": {
      "options": {
        "id": "default",
        "reportDir": "mochawesome-report",
        "quiet": true,
        "overwrite": false,
        "html": false,
        "json": true
      },
      "version": "5.2.0"
    }
  }
}