{
  "stats": {
    "suites": 1,
    "tests": 1,
    "passes": 1,
    "pending": 0,
    "failures": 0,
    "start": "2021-05-26T21:06:10.874Z",
    "end": "2021-05-26T21:06:13.463Z",
    "duration": 2589,
    "testsRegistered": 1,
    "passPercent": 100,
    "pendingPercent": 0,
    "other": 0,
    "hasOther": false,
    "skipped": 0,
    "hasSkipped": false
  },
  "results": [
    {
      "uuid": "2f043bf5-f24a-4408-9303-910614527f52",
      "title": "",
      "fullFile": "cypress/integration/sign_in.spec.js",
      "file": "cypress/integration/sign_in.spec.js",
      "beforeHooks": [],
      "afterHooks": [],
      "tests": [],
      "suites": [
        {
          "uuid": "e94485a4-50c4-44ba-a6b2-172e8deaf9a7",
          "title": "Autenticação",
          "fullFile": "",
          "file": "",
          "beforeHooks": [],
          "afterHooks": [],
          "tests": [
            {
              "title": "Efetuar login com usuário e senha válidos",
              "fullTitle": "Autenticação Efetuar login com usuário e senha válidos",
              "timedOut": null,
              "duration": 2509,
              "state": "passed",
              "speed": "slow",
              "pass": true,
              "fail": false,
              "pending": false,
              "context": null,
              "code": "//acessar o site\ncy.visit('/'); //clicar no botão sign in\ncy.get('.nav-link') // recupera 04 elementos\n.contains('Sign in').click();\nconst user = Cypress.env('user').email;\nconst pass = Cypress.env('user').password; //informar o usuário e senha\ncy.get('input[type=email]').type(user);\ncy.get('input[type=password]').type(pass); //clicar no botão entrar\ncy.get('button.btn-primary').click(); //verificar se foi autenticado\ncy.get('.nav-pills a.nav-link') // 2 ementos\n.should('have.length', 2); //deve conter o tamanho 2\ncy.get('.nav-pills a.nav-link') // 2 ementos\n// posição - eq, first, last\n.first() // eq(0)\n.should('contain.text', 'Your Feed'); // deve conter o texto Your Feed\n//        contain text Your Feed",
              "err": {},
              "uuid": "a9c61ac6-639e-4dc9-88be-91f1c6aeaf4b",
              "parentUUID": "e94485a4-50c4-44ba-a6b2-172e8deaf9a7",
              "isHook": false,
              "skipped": false
            }
          ],
          "suites": [],
          "passes": [
            "a9c61ac6-639e-4dc9-88be-91f1c6aeaf4b"
          ],
          "failures": [],
          "pending": [],
          "skipped": [],
          "duration": 2509,
          "root": false,
          "rootEmpty": false,
          "_timeout": 2000
        }
      ],
      "passes": [],
      "failures": [],
      "pending": [],
      "skipped": [],
      "duration": 0,
      "root": true,
      "rootEmpty": true,
      "_timeout": 2000
    }
  ],
  "meta": {
    "mocha": {
      "version": "7.0.1"
    },
    "mochawesome": {
      "options": {
        "quiet": true,
        "reportFilename": "mochawesome",
        "saveHtml": false,
        "saveJson": true,
        "consoleReporter": "spec",
        "useInlineDiffs": false,
        "code": true
      },
      "version": "6.2.2"
    },
    "marge": {
      "options": {
        "id": "default",
        "reportDir": "mochawesome-report",
        "quiet": true,
        "overwrite": false,
        "html": false,
        "json": true
      },
      "version": "5.2.0"
    }
  }
}